C:\johanley\ProjectsPhoton\postscript-notes\examples\quasi-operators>C:\ghostscript\gs10.04.0\bin\gswin64c.exe -dNOSAFER -sDEVICE=pdfwrite -o quasi-operators.pdf quasi-operators.ps
GPL Ghostscript 10.04.0 (2024-09-18)
Copyright (C) 2024 Artifex Software, Inc.  All rights reserved.
This software is supplied under the GNU AGPLv3 and comes with NO WARRANTY:
see the file COPYING for details.
Loading NimbusSans-Regular font from %rom%Resource/Font/NimbusSans-Regular... 4074648 2697389 1888176 589886 2 done.
(/blah is in currentdict)
(/blah is NOT in currentdict)
(/blah is NOT in currentdict)
(Buongiorno, amici!)
15
(Richard)
45
(The country and year:)
(Italy)
2016
(str-is-whitespace:)
false
false
false
true
true
true
true
true
true
true
true
true
true
true
false
(str-trim:)
(abc)
(DEF)
(GHI)
(PQR)
(ST)
(XYZ)
()
(str-upper-case and str-lower-case:)
(BOB MARLEY AND THE WAILERS)
(bob marley and the wailers)
(123 456 7890 +-/*!@#$%^&*\(\))
(123 456 7890 +-/*!@#$%^&*\(\))
(str-starts-with:)
true
true
false
false
(str-starts-with:)
true
true
false
(str-contains:)
true
true
true
true
false
false
false
(str-replace:)
true
(Ziggy Marley)
true
(This is a Steven Speilberg Movie)
true
(This is a stanley Kubrick Movie)
false
(This is a Stanley Kubrick Movie)

C:\johanley\ProjectsPhoton\postscript-notes\examples\quasi-operators>