GPL Ghostscript 10.04.0 (2024-09-18)
Copyright (C) 2024 Artifex Software, Inc.  All rights reserved.
This software is supplied under the GNU AGPLv3 and comes with NO WARRANTY:
see the file COPYING for details.
Loading NimbusSans-Regular font from %rom%Resource/Font/NimbusSans-Regular... 4074648 2697379 1908376 613992 2 done.
(str-is-whitespace:)
false
false
false
true
true
true
true
true
true
true
true
true
true
true
false
(str-trim:)
(abc)
(DEF)
(GHI)
(PQR)
(ST)
(XYZ)
()
(str-upper-case and str-lower-case:)
(BOB MARLEY AND THE WAILERS)
(bob marley and the wailers)
(123 456 7890 +-/*!@#$%^&*\(\))
(123 456 7890 +-/*!@#$%^&*\(\))
(str-starts-with:)
true
true
false
false
(str-ends-with:)
true
true
false
(str-contains:)
true
true
true
true
false
false
false
(str-replace:)
1
(Ziggy Marley)
1
(This is a Steven Speilberg Movie)
1
(This is a stanley Kubrick Movie)
0
(This is a Stanley Kubrick Movie)
3
(This is THE first. This is THE second. This in THE third.)
(str-cc-count:)
1
1
2
4
1
1
(str-line-count:)
1
0
1
2
3
(str-split-into-lines:)
[(One ) ( Two ) ( Three)]
[(Abc)]
[]
[(   )]
[() ()]
[(Abc) ()]
[(Def) () ()]
[(MNP) () () ()]
[(p ) ( q ) ( r)]

C:\johanley\ProjectsPhoton\postscript-notes\examples\quasi-operators>