GPL Ghostscript 10.04.0 (2024-09-18)
Copyright (C) 2024 Artifex Software, Inc.  All rights reserved.
This software is supplied under the GNU AGPLv3 and comes with NO WARRANTY:
see the file COPYING for details.
(Starting: page 1 of 1.)
Loading NimbusSans-Regular font from %rom%Resource/Font/NimbusSans-Regular... 4074648 2697373 1962432 653621 2 done.
(in:do-wonderful-things)
(out:do-wonderful-things)
(what's on the stack here?)
(-- operand stack {)
400
300
(-- })
(Keys in currentdict:)
(-- currentdict keys {)
/shoe-size
/name
(-- })
(Keys and values in currentdict:)
(-- currentdict {)
8
/shoe-size
(Bob)
/name
(-- })
(---- TO ERR IS HUMAN; THY STACK IS NOT EMPTY. THY 'RESTORE' OPERATION MAY FAIL...: )
(-- operand stack {)
15
(-- })
(Ending: page 1 of 1.)

C:\ghostscript\gs10.04.0\bin>